2025-11-29T09:05:03.055+04:00  INFO 8524 --- [ecomerce] [main] c.e.fruitables.EcomerceApplicationTests  : Starting EcomerceApplicationTests using Java 21.0.7 with PID 8524 (started by Lenovo in c:\Users\Lenovo\Desktop\BackEndLessons\SpringBootProjects\ecomerce)
2025-11-29T09:05:03.071+04:00 DEBUG 8524 --- [ecomerce] [main] c.e.fruitables.EcomerceApplicationTests  : Running with Spring Boot v4.0.0, Spring v7.0.1
2025-11-29T09:05:03.071+04:00  INFO 8524 --- [ecomerce] [main] c.e.fruitables.EcomerceApplicationTests  : No active profile set, falling back to 1 default profile: "default"
2025-11-29T09:05:14.081+04:00  WARN 8524 --- [ecomerce] [main] JpaBaseConfiguration$JpaWebConfiguration : spring.jpa.open-in-view is enabled by default. Therefore, database queries may be performed during view rendering. Explicitly configure spring.jpa.open-in-view to disable this warning
2025-11-29T09:05:14.956+04:00  WARN 8524 --- [ecomerce] [main] ion$DefaultTemplateResolverConfiguration : Cannot find template location: classpath:/templates/ (please add some templates, check your Thymeleaf configuration, or set spring.thymeleaf.check-template-location=false)
2025-11-29T09:05:15.973+04:00  INFO 8524 --- [ecomerce] [main] c.e.fruitables.EcomerceApplicationTests  : Started EcomerceApplicationTests in 13.687 seconds (process running for 17.531)
2025-11-29T09:15:55.091+04:00  INFO 240 --- [ecomerce] [main] c.e.fruitables.EcomerceApplicationTests  : Starting EcomerceApplicationTests using Java 21.0.9 with PID 240 (started by Lenovo in C:\Users\Lenovo\Desktop\BackEndLessons\SpringBootProjects\ecomerce)
2025-11-29T09:15:55.091+04:00 DEBUG 240 --- [ecomerce] [main] c.e.fruitables.EcomerceApplicationTests  : Running with Spring Boot v4.0.0, Spring v7.0.1
2025-11-29T09:15:55.091+04:00  INFO 240 --- [ecomerce] [main] c.e.fruitables.EcomerceApplicationTests  : No active profile set, falling back to 1 default profile: "default"
2025-11-29T09:16:12.828+04:00  WARN 240 --- [ecomerce] [main] JpaBaseConfiguration$JpaWebConfiguration : spring.jpa.open-in-view is enabled by default. Therefore, database queries may be performed during view rendering. Explicitly configure spring.jpa.open-in-view to disable this warning
2025-11-29T09:16:14.744+04:00  WARN 240 --- [ecomerce] [main] ion$DefaultTemplateResolverConfiguration : Cannot find template location: classpath:/templates/ (please add some templates, check your Thymeleaf configuration, or set spring.thymeleaf.check-template-location=false)
2025-11-29T09:16:24.215+04:00  INFO 240 --- [ecomerce] [main] c.e.fruitables.EcomerceApplicationTests  : Started EcomerceApplicationTests in 29.859 seconds (process running for 38.294)
2025-11-29T09:26:39.135+04:00  INFO 10936 --- [ecomerce] [main] c.e.fruitables.EcomerceApplication       : Starting EcomerceApplication using Java 21.0.9 with PID 10936 (C:\Users\Lenovo\Desktop\BackEndLessons\SpringBootProjects\ecomerce\target\classes started by Lenovo in C:\Users\Lenovo\Desktop\BackEndLessons\SpringBootProjects\ecomerce)
2025-11-29T09:26:39.141+04:00 DEBUG 10936 --- [ecomerce] [main] c.e.fruitables.EcomerceApplication       : Running with Spring Boot v4.0.0, Spring v7.0.1
2025-11-29T09:26:39.143+04:00  INFO 10936 --- [ecomerce] [main] c.e.fruitables.EcomerceApplication       : No active profile set, falling back to 1 default profile: "default"
2025-11-29T09:27:55.083+04:00  INFO 10612 --- [ecomerce] [main] c.e.fruitables.EcomerceApplication       : Starting EcomerceApplication using Java 21.0.9 with PID 10612 (C:\Users\Lenovo\Desktop\BackEndLessons\SpringBootProjects\ecomerce\target\classes started by Lenovo in C:\Users\Lenovo\Desktop\BackEndLessons\SpringBootProjects\ecomerce)
2025-11-29T09:27:55.099+04:00 DEBUG 10612 --- [ecomerce] [main] c.e.fruitables.EcomerceApplication       : Running with Spring Boot v4.0.0, Spring v7.0.1
2025-11-29T09:27:55.099+04:00  INFO 10612 --- [ecomerce] [main] c.e.fruitables.EcomerceApplication       : No active profile set, falling back to 1 default profile: "default"
2025-11-29T09:28:02.417+04:00  WARN 10612 --- [ecomerce] [main] JpaBaseConfiguration$JpaWebConfiguration : spring.jpa.open-in-view is enabled by default. Therefore, database queries may be performed during view rendering. Explicitly configure spring.jpa.open-in-view to disable this warning
2025-11-29T09:28:02.776+04:00  WARN 10612 --- [ecomerce] [main] ion$DefaultTemplateResolverConfiguration : Cannot find template location: classpath:/templates/ (please add some templates, check your Thymeleaf configuration, or set spring.thymeleaf.check-template-location=false)
2025-11-29T09:28:03.485+04:00  INFO 10612 --- [ecomerce] [main] c.e.fruitables.EcomerceApplication       : Started EcomerceApplication in 9.619 seconds (process running for 10.527)
2025-11-29T09:39:58.399+04:00  INFO 7420 --- [ecomerce] [main] c.e.fruitables.EcomerceApplication       : Starting EcomerceApplication using Java 21.0.9 with PID 7420 (C:\Users\Lenovo\Desktop\BackEndLessons\SpringBootProjects\ecomerce\target\classes started by Lenovo in C:\Users\Lenovo\Desktop\BackEndLessons\SpringBootProjects\ecomerce)
2025-11-29T09:39:58.407+04:00 DEBUG 7420 --- [ecomerce] [main] c.e.fruitables.EcomerceApplication       : Running with Spring Boot v4.0.0, Spring v7.0.1
2025-11-29T09:39:58.409+04:00  INFO 7420 --- [ecomerce] [main] c.e.fruitables.EcomerceApplication       : No active profile set, falling back to 1 default profile: "default"
2025-11-29T09:40:08.806+04:00  WARN 7420 --- [ecomerce] [main] JpaBaseConfiguration$JpaWebConfiguration : spring.jpa.open-in-view is enabled by default. Therefore, database queries may be performed during view rendering. Explicitly configure spring.jpa.open-in-view to disable this warning
2025-11-29T09:40:09.456+04:00  WARN 7420 --- [ecomerce] [main] ion$DefaultTemplateResolverConfiguration : Cannot find template location: classpath:/templates/ (please add some templates, check your Thymeleaf configuration, or set spring.thymeleaf.check-template-location=false)
2025-11-29T09:40:10.239+04:00  INFO 7420 --- [ecomerce] [main] c.e.fruitables.EcomerceApplication       : Started EcomerceApplication in 13.049 seconds (process running for 14.222)
2025-11-29T09:48:27.467+04:00  INFO 5320 --- [ecomerce] [main] c.e.fruitables.EcomerceApplication       : Starting EcomerceApplication v0.0.1-SNAPSHOT using Java 21.0.9 with PID 5320 (C:\Users\Lenovo\Desktop\BackEndLessons\SpringBootProjects\ecomerce\target\ecomerce-0.0.1-SNAPSHOT.jar started by Lenovo in C:\Users\Lenovo\Desktop\BackEndLessons\SpringBootProjects\ecomerce)
2025-11-29T09:48:27.476+04:00 DEBUG 5320 --- [ecomerce] [main] c.e.fruitables.EcomerceApplication       : Running with Spring Boot v4.0.0, Spring v7.0.1
2025-11-29T09:48:27.476+04:00  INFO 5320 --- [ecomerce] [main] c.e.fruitables.EcomerceApplication       : No active profile set, falling back to 1 default profile: "default"
2025-11-29T09:48:37.887+04:00  WARN 5320 --- [ecomerce] [main] JpaBaseConfiguration$JpaWebConfiguration : spring.jpa.open-in-view is enabled by default. Therefore, database queries may be performed during view rendering. Explicitly configure spring.jpa.open-in-view to disable this warning
2025-11-29T09:48:38.766+04:00  WARN 5320 --- [ecomerce] [main] ion$DefaultTemplateResolverConfiguration : Cannot find template location: classpath:/templates/ (please add some templates, check your Thymeleaf configuration, or set spring.thymeleaf.check-template-location=false)
2025-11-29T09:48:40.642+04:00  INFO 5320 --- [ecomerce] [main] c.e.fruitables.EcomerceApplication       : Started EcomerceApplication in 14.734 seconds (process running for 16.104)
